<?xml version="1.0" encoding="UTF-8"?>
<!-- Generated by org.testng.reporters.JUnitXMLReporter -->
<testsuite ignored="0" hostname="LAPTOP-HE3IJ9BH" failures="0" tests="3" name="Default test" time="41.706" errors="0" timestamp="2023-09-02T18:17:59 IST">
  <testcase classname="TestDrive.Validationtest" name="ValidationOnElement1" time="0.059"/>
  <testcase classname="TestDrive.Validationtest" name="ValidationOnElement2" time="0.027"/>
  <testcase classname="TestDrive.Validationtest" name="ValidationOnElement3" time="0.034"/>
</testsuite> <!-- Default test -->
