<?xml version="1.0" encoding="UTF-8"?>
<testng-results ignored="0" total="8" passed="7" failed="1" skipped="0">
  <reporter-output>
  </reporter-output>
  <suite started-at="2023-09-02T18:18:15 IST" name="Suite" finished-at="2023-09-02T18:20:23 IST" duration-ms="127395">
    <groups>
    </groups>
    <test started-at="2023-09-02T18:18:15 IST" name="Test" finished-at="2023-09-02T18:20:23 IST" duration-ms="127395">
      <class name="TestDrive.Signuptest">
        <test-method is-config="true" signature="Startup()[pri:0, instance:TestDrive.Signuptest@5c2375a9]" started-at="2023-09-02T18:18:15 IST" name="Startup" finished-at="2023-09-02T18:18:21 IST" duration-ms="5959" status="PASS">
          <reporter-output>
          </reporter-output>
        </test-method> <!-- Startup -->
        <test-method signature="Signup()[pri:0, instance:TestDrive.Signuptest@5c2375a9]" started-at="2023-09-02T18:18:21 IST" name="Signup" finished-at="2023-09-02T18:18:28 IST" duration-ms="6247" status="PASS">
          <reporter-output>
          </reporter-output>
        </test-method> <!-- Signup -->
        <test-method is-config="true" signature="Closeup()[pri:0, instance:TestDrive.Signuptest@5c2375a9]" started-at="2023-09-02T18:18:28 IST" name="Closeup" finished-at="2023-09-02T18:18:36 IST" duration-ms="8260" status="PASS">
          <reporter-output>
          </reporter-output>
        </test-method> <!-- Closeup -->
      </class> <!-- TestDrive.Signuptest -->
      <class name="TestDrive.Bookingtest">
        <test-method is-config="true" signature="Startup()[pri:0, instance:TestDrive.Bookingtest@5bf0fe62]" started-at="2023-09-02T18:18:36 IST" name="Startup" finished-at="2023-09-02T18:18:41 IST" duration-ms="4774" status="PASS">
          <reporter-output>
          </reporter-output>
        </test-method> <!-- Startup -->
        <test-method signature="BookTicket()[pri:0, instance:TestDrive.Bookingtest@5bf0fe62]" started-at="2023-09-02T18:18:41 IST" name="BookTicket" finished-at="2023-09-02T18:18:50 IST" duration-ms="8978" status="PASS">
          <reporter-output>
          </reporter-output>
        </test-method> <!-- BookTicket -->
        <test-method is-config="true" signature="Closeup()[pri:0, instance:TestDrive.Bookingtest@5bf0fe62]" started-at="2023-09-02T18:18:50 IST" name="Closeup" finished-at="2023-09-02T18:18:58 IST" duration-ms="8133" status="PASS">
          <reporter-output>
          </reporter-output>
        </test-method> <!-- Closeup -->
      </class> <!-- TestDrive.Bookingtest -->
      <class name="TestDrive.Roundtriptest">
        <test-method is-config="true" signature="Startup()[pri:0, instance:TestDrive.Roundtriptest@6581dc0a]" started-at="2023-09-02T18:19:53 IST" name="Startup" finished-at="2023-09-02T18:19:59 IST" duration-ms="5383" status="PASS">
          <reporter-output>
          </reporter-output>
        </test-method> <!-- Startup -->
        <test-method signature="RoundTrip()[pri:0, instance:TestDrive.Roundtriptest@6581dc0a]" started-at="2023-09-02T18:19:59 IST" name="RoundTrip" finished-at="2023-09-02T18:20:01 IST" duration-ms="1835" status="PASS">
          <reporter-output>
          </reporter-output>
        </test-method> <!-- RoundTrip -->
        <test-method is-config="true" signature="Closeup()[pri:0, instance:TestDrive.Roundtriptest@6581dc0a]" started-at="2023-09-02T18:20:01 IST" name="Closeup" finished-at="2023-09-02T18:20:09 IST" duration-ms="8165" status="PASS">
          <reporter-output>
          </reporter-output>
        </test-method> <!-- Closeup -->
      </class> <!-- TestDrive.Roundtriptest -->
      <class name="TestDrive.Onewaytest">
        <test-method is-config="true" signature="Startup()[pri:0, instance:TestDrive.Onewaytest@673be18f]" started-at="2023-09-02T18:19:38 IST" name="Startup" finished-at="2023-09-02T18:19:43 IST" duration-ms="4969" status="PASS">
          <reporter-output>
          </reporter-output>
        </test-method> <!-- Startup -->
        <test-method signature="OnewayTrip()[pri:0, instance:TestDrive.Onewaytest@673be18f]" started-at="2023-09-02T18:19:43 IST" name="OnewayTrip" finished-at="2023-09-02T18:19:45 IST" duration-ms="2258" status="FAIL">
          <exception class="org.openqa.selenium.ElementClickInterceptedException">
            <message>
              <![CDATA[element click intercepted: Element <div class="css-1dbjc4n r-1awozwy r-z2wwpe r-1loqt21 r-18u37iz r-1777fci r-1g94qm0 r-1w50u8q r-ah5dr5 r-1otgn73" data-focusable="true" tabindex="0" data-testid="home-page-flight-cta" style="background-image: linear-gradient(rgb(252, 182, 62), rgb(247, 148, 29)); margin-left: 12px; padding-right: 20px; padding-left: 20px; width: 162px;">...</div> is not clickable at point (580, 542). Other element would receive the click: <div class="css-1dbjc4n r-1awozwy r-1pi2tsx r-1777fci r-13qz1uu">...</div>
  (Session info: chrome=116.0.5845.141)
Build info: version: '4.11.0', revision: '040bc5406b'
System info: os.name: 'Windows 11', os.arch: 'amd64', os.version: '10.0', java.version: '17.0.5'
Driver info: org.openqa.selenium.chrome.ChromeDriver
Command: [ed4905b8156a92f05d294eb096f620b6, clickElement {id=707FE1EC25AACAB8088B49E7A2DBD9FC_element_75}]
Capabilities {acceptInsecureCerts: false, browserName: chrome, browserVersion: 116.0.5845.141, chrome: {chromedriverVersion: 116.0.5845.96 (1a3918166880..., userDataDir: C:\Users\WELCOME\AppData\Lo...}, fedcm:accounts: true, goog:chromeOptions: {debuggerAddress: localhost:65178}, networkConnectionEnabled: false, pageLoadStrategy: normal, platformName: windows, proxy: Proxy(), se:cdp: ws://localhost:65178/devtoo..., se:cdpVersion: 116.0.5845.141, setWindowRect: true, strictFileInteractability: false, timeouts: {implicit: 0, pageLoad: 300000, script: 30000}, unhandledPromptBehavior: dismiss and notify, webauthn:extension:credBlob: true, webauthn:extension:largeBlob: true, webauthn:extension:minPinLength: true, webauthn:extension:prf: true, webauthn:virtualAuthenticators: true}
Element: [[ChromeDriver: chrome on windows (ed4905b8156a92f05d294eb096f620b6)] -> xpath: //div[@data-testid='home-page-flight-cta']]
Session ID: ed4905b8156a92f05d294eb096f620b6]]>
            </message>
            <full-stacktrace>
              <![CDATA[org.openqa.selenium.ElementClickInterceptedException: element click intercepted: Element <div class="css-1dbjc4n r-1awozwy r-z2wwpe r-1loqt21 r-18u37iz r-1777fci r-1g94qm0 r-1w50u8q r-ah5dr5 r-1otgn73" data-focusable="true" tabindex="0" data-testid="home-page-flight-cta" style="background-image: linear-gradient(rgb(252, 182, 62), rgb(247, 148, 29)); margin-left: 12px; padding-right: 20px; padding-left: 20px; width: 162px;">...</div> is not clickable at point (580, 542). Other element would receive the click: <div class="css-1dbjc4n r-1awozwy r-1pi2tsx r-1777fci r-13qz1uu">...</div>
  (Session info: chrome=116.0.5845.141)
Build info: version: '4.11.0', revision: '040bc5406b'
System info: os.name: 'Windows 11', os.arch: 'amd64', os.version: '10.0', java.version: '17.0.5'
Driver info: org.openqa.selenium.chrome.ChromeDriver
Command: [ed4905b8156a92f05d294eb096f620b6, clickElement {id=707FE1EC25AACAB8088B49E7A2DBD9FC_element_75}]
Capabilities {acceptInsecureCerts: false, browserName: chrome, browserVersion: 116.0.5845.141, chrome: {chromedriverVersion: 116.0.5845.96 (1a3918166880..., userDataDir: C:\Users\WELCOME\AppData\Lo...}, fedcm:accounts: true, goog:chromeOptions: {debuggerAddress: localhost:65178}, networkConnectionEnabled: false, pageLoadStrategy: normal, platformName: windows, proxy: Proxy(), se:cdp: ws://localhost:65178/devtoo..., se:cdpVersion: 116.0.5845.141, setWindowRect: true, strictFileInteractability: false, timeouts: {implicit: 0, pageLoad: 300000, script: 30000}, unhandledPromptBehavior: dismiss and notify, webauthn:extension:credBlob: true, webauthn:extension:largeBlob: true, webauthn:extension:minPinLength: true, webauthn:extension:prf: true, webauthn:virtualAuthenticators: true}
Element: [[ChromeDriver: chrome on windows (ed4905b8156a92f05d294eb096f620b6)] -> xpath: //div[@data-testid='home-page-flight-cta']]
Session ID: ed4905b8156a92f05d294eb096f620b6
at java.base/jdk.internal.reflect.NativeConstructorAccessorImpl.newInstance0(Native Method)
at java.base/jdk.internal.reflect.NativeConstructorAccessorImpl.newInstance(NativeConstructorAccessorImpl.java:77)
at java.base/jdk.internal.reflect.DelegatingConstructorAccessorImpl.newInstance(DelegatingConstructorAccessorImpl.java:45)
at java.base/java.lang.reflect.Constructor.newInstanceWithCaller(Constructor.java:499)
at java.base/java.lang.reflect.Constructor.newInstance(Constructor.java:480)
at org.openqa.selenium.remote.codec.w3c.W3CHttpResponseCodec.createException(W3CHttpResponseCodec.java:200)
at org.openqa.selenium.remote.codec.w3c.W3CHttpResponseCodec.decode(W3CHttpResponseCodec.java:133)
at org.openqa.selenium.remote.codec.w3c.W3CHttpResponseCodec.decode(W3CHttpResponseCodec.java:52)
at org.openqa.selenium.remote.HttpCommandExecutor.execute(HttpCommandExecutor.java:191)
at org.openqa.selenium.remote.service.DriverCommandExecutor.invokeExecute(DriverCommandExecutor.java:196)
at org.openqa.selenium.remote.service.DriverCommandExecutor.execute(DriverCommandExecutor.java:171)
at org.openqa.selenium.remote.RemoteWebDriver.execute(RemoteWebDriver.java:518)
at org.openqa.selenium.remote.RemoteWebElement.execute(RemoteWebElement.java:224)
at org.openqa.selenium.remote.RemoteWebElement.click(RemoteWebElement.java:77)
at java.base/jdk.internal.reflect.NativeMethodAccessorImpl.invoke0(Native Method)
at java.base/jdk.internal.reflect.NativeMethodAccessorImpl.invoke(NativeMethodAccessorImpl.java:77)
at java.base/jdk.internal.reflect.DelegatingMethodAccessorImpl.invoke(DelegatingMethodAccessorImpl.java:43)
at java.base/java.lang.reflect.Method.invoke(Method.java:568)
at org.openqa.selenium.support.pagefactory.internal.LocatingElementHandler.invoke(LocatingElementHandler.java:51)
at jdk.proxy2/jdk.proxy2.$Proxy17.click(Unknown Source)
at PageDrive.Onewaypage.Searchflight(Onewaypage.java:51)
at TestDrive.Onewaytest.OnewayTrip(Onewaytest.java:18)
at java.base/jdk.internal.reflect.NativeMethodAccessorImpl.invoke0(Native Method)
at java.base/jdk.internal.reflect.NativeMethodAccessorImpl.invoke(NativeMethodAccessorImpl.java:77)
at java.base/jdk.internal.reflect.DelegatingMethodAccessorImpl.invoke(DelegatingMethodAccessorImpl.java:43)
at java.base/java.lang.reflect.Method.invoke(Method.java:568)
at org.testng.internal.MethodInvocationHelper.invokeMethod(MethodInvocationHelper.java:133)
at org.testng.internal.TestInvoker.invokeMethod(TestInvoker.java:598)
at org.testng.internal.TestInvoker.invokeTestMethod(TestInvoker.java:173)
at org.testng.internal.MethodRunner.runInSequence(MethodRunner.java:46)
at org.testng.internal.TestInvoker$MethodInvocationAgent.invoke(TestInvoker.java:824)
at org.testng.internal.TestInvoker.invokeTestMethods(TestInvoker.java:146)
at org.testng.internal.TestMethodWorker.invokeTestMethods(TestMethodWorker.java:146)
at org.testng.internal.TestMethodWorker.run(TestMethodWorker.java:128)
at java.base/java.util.ArrayList.forEach(ArrayList.java:1511)
at org.testng.TestRunner.privateRun(TestRunner.java:794)
at org.testng.TestRunner.run(TestRunner.java:596)
at org.testng.SuiteRunner.runTest(SuiteRunner.java:377)
at org.testng.SuiteRunner.runSequentially(SuiteRunner.java:371)
at org.testng.SuiteRunner.privateRun(SuiteRunner.java:332)
at org.testng.SuiteRunner.run(SuiteRunner.java:276)
at org.testng.SuiteRunnerWorker.runSuite(SuiteRunnerWorker.java:53)
at org.testng.SuiteRunnerWorker.run(SuiteRunnerWorker.java:96)
at org.testng.TestNG.runSuitesSequentially(TestNG.java:1212)
at org.testng.TestNG.runSuitesLocally(TestNG.java:1134)
at org.testng.TestNG.runSuites(TestNG.java:1063)
at org.testng.TestNG.run(TestNG.java:1031)
at org.testng.remote.AbstractRemoteTestNG.run(AbstractRemoteTestNG.java:115)
at org.testng.remote.RemoteTestNG.initAndRun(RemoteTestNG.java:251)
at org.testng.remote.RemoteTestNG.main(RemoteTestNG.java:77)
]]>
            </full-stacktrace>
          </exception> <!-- org.openqa.selenium.ElementClickInterceptedException -->
          <reporter-output>
          </reporter-output>
        </test-method> <!-- OnewayTrip -->
        <test-method is-config="true" signature="Closeup()[pri:0, instance:TestDrive.Onewaytest@673be18f]" started-at="2023-09-02T18:19:45 IST" name="Closeup" finished-at="2023-09-02T18:19:53 IST" duration-ms="8169" status="PASS">
          <reporter-output>
          </reporter-output>
        </test-method> <!-- Closeup -->
      </class> <!-- TestDrive.Onewaytest -->
      <class name="TestDrive.Validationtest">
        <test-method is-config="true" signature="Startup()[pri:0, instance:TestDrive.Validationtest@1e097d59]" started-at="2023-09-02T18:18:58 IST" name="Startup" finished-at="2023-09-02T18:19:03 IST" duration-ms="5082" status="PASS">
          <reporter-output>
          </reporter-output>
        </test-method> <!-- Startup -->
        <test-method signature="ValidationOnElement1()[pri:0, instance:TestDrive.Validationtest@1e097d59]" started-at="2023-09-02T18:19:03 IST" name="ValidationOnElement1" finished-at="2023-09-02T18:19:03 IST" duration-ms="35" status="PASS">
          <reporter-output>
          </reporter-output>
        </test-method> <!-- ValidationOnElement1 -->
        <test-method is-config="true" signature="Closeup()[pri:0, instance:TestDrive.Validationtest@1e097d59]" started-at="2023-09-02T18:19:03 IST" name="Closeup" finished-at="2023-09-02T18:19:11 IST" duration-ms="8198" status="PASS">
          <reporter-output>
          </reporter-output>
        </test-method> <!-- Closeup -->
        <test-method is-config="true" signature="Startup()[pri:0, instance:TestDrive.Validationtest@1e097d59]" started-at="2023-09-02T18:19:11 IST" name="Startup" finished-at="2023-09-02T18:19:16 IST" duration-ms="5038" status="PASS">
          <reporter-output>
          </reporter-output>
        </test-method> <!-- Startup -->
        <test-method signature="ValidationOnElement2()[pri:0, instance:TestDrive.Validationtest@1e097d59]" started-at="2023-09-02T18:19:16 IST" name="ValidationOnElement2" finished-at="2023-09-02T18:19:16 IST" duration-ms="26" status="PASS">
          <reporter-output>
          </reporter-output>
        </test-method> <!-- ValidationOnElement2 -->
        <test-method is-config="true" signature="Closeup()[pri:0, instance:TestDrive.Validationtest@1e097d59]" started-at="2023-09-02T18:19:16 IST" name="Closeup" finished-at="2023-09-02T18:19:24 IST" duration-ms="8201" status="PASS">
          <reporter-output>
          </reporter-output>
        </test-method> <!-- Closeup -->
        <test-method is-config="true" signature="Startup()[pri:0, instance:TestDrive.Validationtest@1e097d59]" started-at="2023-09-02T18:19:24 IST" name="Startup" finished-at="2023-09-02T18:19:30 IST" duration-ms="5113" status="PASS">
          <reporter-output>
          </reporter-output>
        </test-method> <!-- Startup -->
        <test-method signature="ValidationOnElement3()[pri:0, instance:TestDrive.Validationtest@1e097d59]" started-at="2023-09-02T18:19:30 IST" name="ValidationOnElement3" finished-at="2023-09-02T18:19:30 IST" duration-ms="28" status="PASS">
          <reporter-output>
          </reporter-output>
        </test-method> <!-- ValidationOnElement3 -->
        <test-method is-config="true" signature="Closeup()[pri:0, instance:TestDrive.Validationtest@1e097d59]" started-at="2023-09-02T18:19:30 IST" name="Closeup" finished-at="2023-09-02T18:19:38 IST" duration-ms="8203" status="PASS">
          <reporter-output>
          </reporter-output>
        </test-method> <!-- Closeup -->
      </class> <!-- TestDrive.Validationtest -->
      <class name="TestDrive.Logintest">
        <test-method is-config="true" signature="Startup()[pri:0, instance:TestDrive.Logintest@54e7df6a]" started-at="2023-09-02T18:20:09 IST" name="Startup" finished-at="2023-09-02T18:20:14 IST" duration-ms="4852" status="PASS">
          <reporter-output>
          </reporter-output>
        </test-method> <!-- Startup -->
        <test-method signature="Login()[pri:0, instance:TestDrive.Logintest@54e7df6a]" started-at="2023-09-02T18:20:14 IST" name="Login" finished-at="2023-09-02T18:20:15 IST" duration-ms="993" status="PASS">
          <reporter-output>
          </reporter-output>
        </test-method> <!-- Login -->
        <test-method is-config="true" signature="Closeup()[pri:0, instance:TestDrive.Logintest@54e7df6a]" started-at="2023-09-02T18:20:15 IST" name="Closeup" finished-at="2023-09-02T18:20:23 IST" duration-ms="8199" status="PASS">
          <reporter-output>
          </reporter-output>
        </test-method> <!-- Closeup -->
      </class> <!-- TestDrive.Logintest -->
    </test> <!-- Test -->
  </suite> <!-- Suite -->
</testng-results>
